"../../../../../../Unreal Projects/Homesteapocalypse3/Content/Enemies/3D/CowWithAnim_Skeleton.uasset" 0
"../../../../../../Unreal Projects/Homesteapocalypse3/Content/Enemies/3D/CowWithAnim_Anim.uasset" 1
"../../../../../../Unreal Projects/Homesteapocalypse3/Content/Enemies/3D/Pig_Export_With_anim_Skeleton.uasset" 2
"../../../../../../Unreal Projects/Homesteapocalypse3/Content/Enemies/3D/Pig_Export_With_anim_Anim.uasset" 3
"../../../../../../Unreal Projects/Homesteapocalypse3/Content/GM/SmallCamShake.uasset" 4
"../../../../../../Unreal Projects/Homesteapocalypse3/Content/landscape/dirt.uasset" 5
"../../../../../../Unreal Projects/Homesteapocalypse3/Content/landscape/drygrass.uasset" 6
"../../../../../../Unreal Projects/Homesteapocalypse3/Content/landscape/grass.uasset" 7
"../../../../../../Unreal Projects/Homesteapocalypse3/Content/landscape/grass_Mat.uasset" 8
"../../../../../../Unreal Projects/Homesteapocalypse3/Content/landscape/leaves.uasset" 9
"../../../../../../Unreal Projects/Homesteapocalypse3/Content/landscape/snow.uasset" 10
"../../../../../../Unreal Projects/Homesteapocalypse3/Content/Mannequin/Character/Mesh/UE4_Mannequin_Skeleton.uasset" 11
"../../../../../../Unreal Projects/Homesteapocalypse3/Content/Mannequin/Animations/ThirdPersonJump_End.uasset" 12
"../../../../../../Unreal Projects/Homesteapocalypse3/Content/StarterContent/Materials/M_Basic_Wall.uasset" 13
"../../../../../../Unreal Projects/Homesteapocalypse3/Content/StarterContent/Architecture/Pillar_50x500.uasset" 14
"../../../../../../Unreal Projects/Homesteapocalypse3/Content/StarterContent/Architecture/Wall_400x300.uasset" 15
"../../../../../../Unreal Projects/Homesteapocalypse3/Content/StarterContent/Architecture/Wall_400x400.uasset" 16
"../../../../../../Unreal Projects/Homesteapocalypse3/Content/StarterContent/Architecture/Wall_500x500.uasset" 17
"../../../../../../Unreal Projects/Homesteapocalypse3/Content/StarterContent/Architecture/Wall_Door_400x400.uasset" 18
"../../../../../../Unreal Projects/Homesteapocalypse3/Content/StarterContent/Architecture/Wall_Window_400x400.uasset" 19
"../../../../../../Unreal Projects/Homesteapocalypse3/Content/StarterContent/Audio/Collapse01.uasset" 20
"../../../../../../Unreal Projects/Homesteapocalypse3/Content/StarterContent/Audio/Collapse02.uasset" 21
"../../../../../../Unreal Projects/Homesteapocalypse3/Content/StarterContent/Audio/Explosion01.uasset" 22
"../../../../../../Unreal Projects/Homesteapocalypse3/Content/StarterContent/Audio/Explosion02.uasset" 23
"../../../../../../Unreal Projects/Homesteapocalypse3/Content/StarterContent/Audio/Fire01.uasset" 24
"../../../../../../Unreal Projects/Homesteapocalypse3/Content/StarterContent/Audio/Fire_Sparks01.uasset" 25
"../../../../../../Unreal Projects/Homesteapocalypse3/Content/StarterContent/Audio/Light01.uasset" 26
"../../../../../../Unreal Projects/Homesteapocalypse3/Content/StarterContent/Audio/Light01_Cue.uasset" 27
"../../../../../../Unreal Projects/Homesteapocalypse3/Content/StarterContent/Audio/Light02.uasset" 28
"../../../../../../Unreal Projects/Homesteapocalypse3/Content/StarterContent/Audio/Light02_Cue.uasset" 29
"../../../../../../Unreal Projects/Homesteapocalypse3/Content/StarterContent/Audio/Smoke01.uasset" 30
"../../../../../../Unreal Projects/Homesteapocalypse3/Content/StarterContent/Audio/Starter_Birds01.uasset" 31
"../../../../../../Unreal Projects/Homesteapocalypse3/Content/StarterContent/Audio/Starter_Music01.uasset" 32
"../../../../../../Unreal Projects/Homesteapocalypse3/Content/StarterContent/Audio/Starter_Wind05.uasset" 33
"../../../../../../Unreal Projects/Homesteapocalypse3/Content/StarterContent/Audio/Starter_Wind06.uasset" 34
"../../../../../../Unreal Projects/Homesteapocalypse3/Content/StarterContent/Audio/Steam01.uasset" 35
"../../../../../../Unreal Projects/Homesteapocalypse3/Content/StarterContent/Audio/Explosion_Cue.uasset" 36
"../../../../../../Unreal Projects/Homesteapocalypse3/Content/StarterContent/Textures/T_Burst_M.uasset" 37
"../../../../../../Unreal Projects/Homesteapocalypse3/Content/StarterContent/Particles/Materials/M_Burst.uasset" 38
"../../../../../../Unreal Projects/Homesteapocalypse3/Content/StarterContent/Textures/T_Explosion_SubUV.uasset" 39
"../../../../../../Unreal Projects/Homesteapocalypse3/Content/StarterContent/Particles/Materials/M_explosion_subUV.uasset" 40
"../../../../../../Unreal Projects/Homesteapocalypse3/Content/StarterContent/Particles/Materials/m_flare_01.uasset" 41
"../../../Engine/Content/Functions/Engine_MaterialFunctions01/Gradient/RadialGradient.uasset" 42
"../../../../../../Unreal Projects/Homesteapocalypse3/Content/StarterContent/Particles/Materials/M_radial_ramp.uasset" 43
"../../../../../../Unreal Projects/Homesteapocalypse3/Content/StarterContent/Textures/T_Smoke_SubUV.uasset" 44
"../../../../../../Unreal Projects/Homesteapocalypse3/Content/StarterContent/Textures/T_Smoke_Tiled_D.uasset" 45
"../../../../../../Unreal Projects/Homesteapocalypse3/Content/StarterContent/Particles/Materials/M_smoke_subUV.uasset" 46
"../../../../../../Unreal Projects/Homesteapocalypse3/Content/StarterContent/Particles/P_Explosion.uasset" 47
"../../../../../../Unreal Projects/Homesteapocalypse3/Content/StarterContent/Blueprints/Blueprint_Effect_Explosion.uasset" 48
"../../../Engine/Content/EditorMeshes/ColorCalibrator/T_ColorGrid.uasset" 49
"../../../../../../Unreal Projects/Homesteapocalypse3/Content/StarterContent/Materials/M_ColorGrid_LowSpec.uasset" 50
"../../../../../../Unreal Projects/Homesteapocalypse3/Content/StarterContent/Textures/T_Bush_D.uasset" 51
"../../../../../../Unreal Projects/Homesteapocalypse3/Content/StarterContent/Textures/T_Bush_N.uasset" 52
"../../../../../../Unreal Projects/Homesteapocalypse3/Content/StarterContent/Props/Materials/M_Bush.uasset" 53
"../../../../../../Unreal Projects/Homesteapocalypse3/Content/StarterContent/Props/SM_Bush.uasset" 54
"../../../../../../Unreal Projects/Homesteapocalypse3/Content/StarterContent/Textures/T_Chair_M.uasset" 55
"../../../../../../Unreal Projects/Homesteapocalypse3/Content/StarterContent/Textures/T_Chair_N.uasset" 56
"../../../../../../Unreal Projects/Homesteapocalypse3/Content/StarterContent/Props/Materials/M_Chair.uasset" 57
"../../../../../../Unreal Projects/Homesteapocalypse3/Content/StarterContent/Props/SM_Couch.uasset" 58
"../../../../../../Unreal Projects/Homesteapocalypse3/Content/StarterContent/Materials/M_Glass.uasset" 59
"../../../../../../Unreal Projects/Homesteapocalypse3/Content/StarterContent/Textures/T_Door_M.uasset" 60
"../../../../../../Unreal Projects/Homesteapocalypse3/Content/StarterContent/Textures/T_Door_N.uasset" 61
"../../../../../../Unreal Projects/Homesteapocalypse3/Content/StarterContent/Props/Materials/M_Door.uasset" 62
"../../../../../../Unreal Projects/Homesteapocalypse3/Content/StarterContent/Props/SM_Door.uasset" 63
"../../../../../../Unreal Projects/Homesteapocalypse3/Content/StarterContent/Props/Materials/M_MaterialSphere.uasset" 64
"../../../../../../Unreal Projects/Homesteapocalypse3/Content/StarterContent/Props/Materials/M_MaterialSphere_Plain.uasset" 65
"../../../../../../Unreal Projects/Homesteapocalypse3/Content/StarterContent/Props/SM_MatPreviewMesh_02.uasset" 66
"../../../Engine/Content/Functions/Engine_MaterialFunctions02/Utility/BlendAngleCorrectedNormals.uasset" 67
"../../../../../../Unreal Projects/Homesteapocalypse3/Content/StarterContent/Textures/T_Detail_Rocky_N.uasset" 68
"../../../../../../Unreal Projects/Homesteapocalypse3/Content/StarterContent/Textures/T_Rock_Basalt_D.uasset" 69
"../../../../../../Unreal Projects/Homesteapocalypse3/Content/StarterContent/Textures/T_RockMesh_M.uasset" 70
"../../../../../../Unreal Projects/Homesteapocalypse3/Content/StarterContent/Textures/T_RockMesh_N.uasset" 71
"../../../../../../Unreal Projects/Homesteapocalypse3/Content/StarterContent/Props/Materials/M_Rock.uasset" 72
"../../../../../../Unreal Projects/Homesteapocalypse3/Content/StarterContent/Props/SM_Rock.uasset" 73
"../../../../../../Unreal Projects/Homesteapocalypse3/Content/StarterContent/Textures/T_Shelf_M.uasset" 74
"../../../../../../Unreal Projects/Homesteapocalypse3/Content/StarterContent/Textures/T_Shelf_N.uasset" 75
"../../../../../../Unreal Projects/Homesteapocalypse3/Content/StarterContent/Props/Materials/M_Shelf.uasset" 76
"../../../../../../Unreal Projects/Homesteapocalypse3/Content/StarterContent/Props/SM_Shelf.uasset" 77
"../../../../../../Unreal Projects/Homesteapocalypse3/Content/StarterContent/Materials/M_Basic_Floor.uasset" 78
"../../../../../../Unreal Projects/Homesteapocalypse3/Content/StarterContent/Props/SM_Stairs.uasset" 79
"../../../../../../Unreal Projects/Homesteapocalypse3/Content/StarterContent/Shapes/Shape_Cone.uasset" 80
"../../../../../../Unreal Projects/Homesteapocalypse3/Content/StarterContent/Shapes/Shape_Cylinder.uasset" 81
"../../../../../../Unreal Projects/Homesteapocalypse3/Content/StarterContent/Shapes/Shape_NarrowCapsule.uasset" 82
"../../../../../../Unreal Projects/Homesteapocalypse3/Content/StarterContent/Shapes/Shape_Pipe.uasset" 83
"../../../../../../Unreal Projects/Homesteapocalypse3/Content/StarterContent/Shapes/Shape_Pipe_180.uasset" 84
"../../../../../../Unreal Projects/Homesteapocalypse3/Content/StarterContent/Shapes/Shape_Pipe_90.uasset" 85
"../../../../../../Unreal Projects/Homesteapocalypse3/Content/StarterContent/Shapes/Shape_Plane.uasset" 86
"../../../../../../Unreal Projects/Homesteapocalypse3/Content/StarterContent/Shapes/Shape_Torus.uasset" 87
"../../../../../../Unreal Projects/Homesteapocalypse3/Content/StarterContent/Shapes/Shape_Trim.uasset" 88
"../../../../../../Unreal Projects/Homesteapocalypse3/Content/StarterContent/Shapes/Shape_Trim_90_In.uasset" 89
"../../../../../../Unreal Projects/Homesteapocalypse3/Content/StarterContent/Shapes/Shape_Trim_90_Out.uasset" 90
"../../../../../../Unreal Projects/Homesteapocalypse3/Content/StarterContent/Shapes/Shape_TriPyramid.uasset" 91
"../../../../../../Unreal Projects/Homesteapocalypse3/Content/StarterContent/Shapes/Shape_Tube.uasset" 92
"../../../../../../Unreal Projects/Homesteapocalypse3/Content/StarterContent/Shapes/Shape_Wedge_A.uasset" 93
"../../../../../../Unreal Projects/Homesteapocalypse3/Content/StarterContent/Shapes/Shape_Wedge_B.uasset" 94
"../../../../../../Unreal Projects/Homesteapocalypse3/Content/StarterContent/Shapes/Shape_WideCapsule.uasset" 95
"../../../../../../Unreal Projects/Homesteapocalypse3/Content/ThirdPerson/Meshes/RampMaterial.uasset" 96
"../../../../../../Unreal Projects/Homesteapocalypse3/Content/ThirdPerson/Meshes/Bump_StaticMesh.uasset" 97
"../../../../../../Unreal Projects/Homesteapocalypse3/Content/ThirdPerson/Meshes/LeftArm_StaticMesh.uasset" 98
"../../../../../../Unreal Projects/Homesteapocalypse3/Content/ThirdPerson/Meshes/Linear_Stair_StaticMesh.uasset" 99
"../../../../../../Unreal Projects/Homesteapocalypse3/Content/ThirdPerson/Meshes/Ramp_StaticMesh.uasset" 100
"../../../../../../Unreal Projects/Homesteapocalypse3/Content/ThirdPerson/Meshes/RightArm_StaticMesh.uasset" 101
"../../../../../../Unreal Projects/Homesteapocalypse3/Content/Mannequin/Animations/ThirdPerson_Jump.uasset" 102
"../../../../../../Unreal Projects/Homesteapocalypse3/Content/Mannequin/Animations/ThirdPersonJump_Loop.uasset" 103
"../../../../../../Unreal Projects/Homesteapocalypse3/Content/Mannequin/Animations/ThirdPersonJump_Start.uasset" 104
"../../../../../../Unreal Projects/Homesteapocalypse3/Content/Mannequin/Animations/ThirdPersonIdle.uasset" 105
"../../../../../../Unreal Projects/Homesteapocalypse3/Content/Mannequin/Animations/ThirdPersonRun.uasset" 106
"../../../../../../Unreal Projects/Homesteapocalypse3/Content/Mannequin/Animations/ThirdPersonWalk.uasset" 107
"../../../../../../Unreal Projects/Homesteapocalypse3/Content/Mannequin/Animations/ThirdPerson_IdleRun_2D.uasset" 108
"../../../Engine/Content/EditorBlueprintResources/StandardMacros.uasset" 109
"../../../../../../Unreal Projects/Homesteapocalypse3/Content/Mannequin/Animations/ThirdPerson_AnimBP.uasset" 110
"../../../Engine/Content/BasicShapes/BasicShapeMaterial.uasset" 111
"../../../Engine/Content/Functions/Engine_MaterialFunctions01/Opacity/CameraDepthFade.uasset" 112
"../../../Engine/Content/EngineMaterials/T_Default_Material_Grid_M.uasset" 113
"../../../Engine/Content/EngineMaterials/T_Default_Material_Grid_N.uasset" 114
"../../../Engine/Content/EngineMaterials/WorldGridMaterial.uasset" 115
"../../../Engine/Content/BasicShapes/Cube.uasset" 116
"../../../../../../Unreal Projects/Homesteapocalypse3/Content/ThirdPersonBP/Blueprints/ThirdPersonCharacter.uasset" 117
"../../../../../../Unreal Projects/Homesteapocalypse3/Content/GM/LeaderboardData.uasset" 118
"../../../../../../Unreal Projects/Homesteapocalypse3/Content/GM/LeaderboardSave.uasset" 119
"../../../../../../Unreal Projects/Homesteapocalypse3/Content/Player/ProjectileMaterials/PlayerGlow.uasset" 120
"../../../../../../Unreal Projects/Homesteapocalypse3/Content/Geometry/Meshes/1M_Cube_Chamfer.uasset" 121
"../../../../../../Unreal Projects/Homesteapocalypse3/Content/Player/PlayerProjectileBase.uasset" 122
"../../../../../../Unreal Projects/Homesteapocalypse3/Content/Player/ProjectileMaterials/CowGlow.uasset" 123
"../../../../../../Unreal Projects/Homesteapocalypse3/Content/Geometry/Meshes/CubeMaterial.uasset" 124
"../../../../../../Unreal Projects/Homesteapocalypse3/Content/Geometry/Meshes/1M_Cube.uasset" 125
"../../../../../../Unreal Projects/Homesteapocalypse3/Content/Enemies/EnemyProjectile.uasset" 126
"../../../../../../Unreal Projects/Homesteapocalypse3/Content/Enemies/MiniCowProjectile.uasset" 127
"../../../Engine/Content/Functions/MaterialLayerFunctions/MatLayerBlend_NormalBlend.uasset" 128
"../../../Engine/Content/Functions/MaterialLayerFunctions/MatLayerBlend_Simple.uasset" 129
"../../../../../../Unreal Projects/Homesteapocalypse3/Content/Mannequin/Character/Materials/MaterialLayers/T_ML_Rubber_Blue_01_D.uasset" 130
"../../../../../../Unreal Projects/Homesteapocalypse3/Content/Mannequin/Character/Materials/MaterialLayers/T_ML_Rubber_Blue_01_N.uasset" 131
"../../../../../../Unreal Projects/Homesteapocalypse3/Content/Mannequin/Character/Materials/MaterialLayers/ML_GlossyBlack_Latex_UE4.uasset" 132
"../../../../../../Unreal Projects/Homesteapocalypse3/Content/Mannequin/Character/Materials/MaterialLayers/ML_Plastic_Shiny_Beige.uasset" 133
"../../../../../../Unreal Projects/Homesteapocalypse3/Content/Mannequin/Character/Textures/UE4_LOGO_CARD.uasset" 134
"../../../../../../Unreal Projects/Homesteapocalypse3/Content/Mannequin/Character/Materials/MaterialLayers/ML_Plastic_Shiny_Beige_LOGO.uasset" 135
"../../../../../../Unreal Projects/Homesteapocalypse3/Content/Mannequin/Character/Materials/MaterialLayers/T_ML_Aluminum01.uasset" 136
"../../../../../../Unreal Projects/Homesteapocalypse3/Content/Mannequin/Character/Materials/MaterialLayers/T_ML_Aluminum01_N.uasset" 137
"../../../../../../Unreal Projects/Homesteapocalypse3/Content/Mannequin/Character/Materials/MaterialLayers/ML_SoftMetal_UE4.uasset" 138
"../../../../../../Unreal Projects/Homesteapocalypse3/Content/Mannequin/Character/Textures/UE4_Mannequin__normals.uasset" 139
"../../../../../../Unreal Projects/Homesteapocalypse3/Content/Mannequin/Character/Textures/UE4_Mannequin_MAT_MASKA.uasset" 140
"../../../../../../Unreal Projects/Homesteapocalypse3/Content/Mannequin/Character/Materials/M_UE4Man_Body.uasset" 141
"../../../../../../Unreal Projects/Homesteapocalypse3/Content/Mannequin/Character/Textures/UE4Man_Logo_N.uasset" 142
"../../../../../../Unreal Projects/Homesteapocalypse3/Content/Mannequin/Character/Materials/M_UE4Man_ChestLogo.uasset" 143
"../../../../../../Unreal Projects/Homesteapocalypse3/Content/Mannequin/Character/Mesh/SK_Mannequin_PhysicsAsset.uasset" 144
"../../../../../../Unreal Projects/Homesteapocalypse3/Content/Mannequin/Character/Mesh/SK_Mannequin.uasset" 145
"../../../../../../Unreal Projects/Homesteapocalypse3/Content/Enemies/EnemyBase.uasset" 146
"../../../../../../Unreal Projects/Homesteapocalypse3/Content/Enemies/2D/RedHB.uasset" 147
"../../../../../../Unreal Projects/Homesteapocalypse3/Content/GUI/EnemyHB.uasset" 148
"../../../../../../Unreal Projects/Homesteapocalypse3/Content/Enemies/CowProjectile.uasset" 149
"../../../../../../Unreal Projects/Homesteapocalypse3/Content/Enemies/2D/Cow_DM.uasset" 150
"../../../../../../Unreal Projects/Homesteapocalypse3/Content/Enemies/2D/Cow_DM_Mat.uasset" 151
"../../../../../../Unreal Projects/Homesteapocalypse3/Content/Enemies/3D/06_-_Default.uasset" 152
"../../../../../../Unreal Projects/Homesteapocalypse3/Content/Enemies/3D/CowWithAnim_PhysicsAsset.uasset" 153
"../../../../../../Unreal Projects/Homesteapocalypse3/Content/Enemies/3D/CowWithAnim.uasset" 154
"../../../../../../Unreal Projects/Homesteapocalypse3/Content/Enemies/Cow.uasset" 155
"../../../../../../Unreal Projects/Homesteapocalypse3/Content/Enemies/PigProjectile.uasset" 156
"../../../../../../Unreal Projects/Homesteapocalypse3/Content/Enemies/2D/PigDM.uasset" 157
"../../../../../../Unreal Projects/Homesteapocalypse3/Content/Enemies/2D/PigDM_Mat.uasset" 158
"../../../../../../Unreal Projects/Homesteapocalypse3/Content/Enemies/3D/Pig_Export_With_anim_PhysicsAsset.uasset" 159
"../../../../../../Unreal Projects/Homesteapocalypse3/Content/Enemies/3D/Pig_Export_With_anim.uasset" 160
"../../../../../../Unreal Projects/Homesteapocalypse3/Content/Enemies/Pig.uasset" 161
"../../../../../../Unreal Projects/Homesteapocalypse3/Content/GM/WaveData.uasset" 162
"../../../../../../Unreal Projects/Homesteapocalypse3/Content/GUI/ZIPERHEA.uasset" 163
"../../../../../../Unreal Projects/Homesteapocalypse3/Content/GUI/Zipperhead.uasset" 164
"../../../../../../Unreal Projects/Homesteapocalypse3/Content/GUI/WaveTransition.uasset" 165
"../../../../../../Unreal Projects/Homesteapocalypse3/Content/Enemies/EnemySpawner.uasset" 166
"../../../../../../Unreal Projects/Homesteapocalypse3/Content/GM/BigCamShake.uasset" 167
"../../../../../../Unreal Projects/Homesteapocalypse3/Content/Player/MainMenuPC.uasset" 168
"../../../../../../Unreal Projects/Homesteapocalypse3/Content/GUI/LeaderboardContents.uasset" 169
"../../../../../../Unreal Projects/Homesteapocalypse3/Content/GUI/LeaderBoardBG.uasset" 170
"../../../../../../Unreal Projects/Homesteapocalypse3/Content/GUI/Leaderboard.uasset" 171
"../../../../../../Unreal Projects/Homesteapocalypse3/Content/GUI/BlankMenu.uasset" 172
"../../../../../../Unreal Projects/Homesteapocalypse3/Content/GUI/WoodenButton.uasset" 173
"../../../../../../Unreal Projects/Homesteapocalypse3/Content/GUI/Completed.uasset" 174
"../../../../../../Unreal Projects/Homesteapocalypse3/Content/GUI/FadeTransition.uasset" 175
"../../../../../../Unreal Projects/Homesteapocalypse3/Content/GUI/GameOver.uasset" 176
"../../../../../../Unreal Projects/Homesteapocalypse3/Content/CompletedNoise1.uasset" 177
"../../../../../../Unreal Projects/Homesteapocalypse3/Content/GUI/Tractor_Icon.uasset" 178
"../../../../../../Unreal Projects/Homesteapocalypse3/Content/GUI/Life.uasset" 179
"../../../../../../Unreal Projects/Homesteapocalypse3/Content/GUI/HUD.uasset" 180
"../../../../../../Unreal Projects/Homesteapocalypse3/Content/Player/BP_GM.uasset" 181
"../../../../../../Unreal Projects/Homesteapocalypse3/Content/Player/TractorDM.uasset" 182
"../../../../../../Unreal Projects/Homesteapocalypse3/Content/Player/TractorDM_Mat.uasset" 183
"../../../../../../Unreal Projects/Homesteapocalypse3/Content/GUI/PauseMenu.uasset" 184
"../../../../../../Unreal Projects/Homesteapocalypse3/Content/Player/01_-_Default.uasset" 185
"../../../../../../Unreal Projects/Homesteapocalypse3/Content/Player/TractorExport.uasset" 186
"../../../../../../Unreal Projects/Homesteapocalypse3/Content/Player/PlayerCharacter.uasset" 187
"../../../../../../Unreal Projects/Homesteapocalypse3/Content/ThirdPersonBP/Blueprints/ThirdPersonGameMode.uasset" 188
"../../../Engine/Content/ArtTools/RenderToTexture/Meshes/S_1_Unit_Plane.uasset" 189
"../../../Engine/Content/EngineMaterials/DefaultMaterial.uasset" 190
"../../../Engine/Content/BasicShapes/Cone.uasset" 191
"../../../Engine/Content/BasicShapes/Cylinder.uasset" 192
"../../../Engine/Content/BasicShapes/Plane.uasset" 193
"../../../Engine/Content/BasicShapes/Sphere.uasset" 194
"../../../Engine/Content/EditorLandscapeResources/DataLayer.uasset" 195
"../../../Engine/Content/EditorMaterials/GizmoMaterial.uasset" 196
"../../../Engine/Content/EditorMaterials/MAT_Groups_Toggle.uasset" 197
"../../../Engine/Content/EditorMaterials/MAT_Groups_Visibility.uasset" 198
"../../../Engine/Content/EditorMaterials/PreviewShadowIndicator.uasset" 199
"../../../Engine/Content/EditorMaterials/PreviewShadowIndicatorMaterial.uasset" 200
"../../../Engine/Content/EditorMaterials/MatineeGroups/MAT_ColorTrack.uasset" 201
"../../../Engine/Content/EditorMaterials/MatineeGroups/MAT_Groups_Anim.uasset" 202
"../../../Engine/Content/EditorMaterials/MatineeGroups/MAT_Groups_AudioMaster.uasset" 203
"../../../Engine/Content/EditorMaterials/MatineeGroups/MAT_Groups_Director.uasset" 204
"../../../Engine/Content/EditorMaterials/MatineeGroups/MAT_Groups_Event.uasset" 205
"../../../Engine/Content/EditorMaterials/MatineeGroups/MAT_Groups_Fade.uasset" 206
"../../../Engine/Content/EditorMaterials/MatineeGroups/MAT_Groups_Float.uasset" 207
"../../../Engine/Content/EditorMaterials/MatineeGroups/MAT_Groups_Move.uasset" 208
"../../../Engine/Content/EditorMaterials/MatineeGroups/MAT_Groups_Slomo.uasset" 209
"../../../Engine/Content/EditorMaterials/MatineeGroups/MAT_Groups_Sound.uasset" 210
"../../../Engine/Content/EditorMaterials/MatineeGroups/MAT_Groups_Vector.uasset" 211
"../../../Engine/Content/EditorMaterials/ParticleSystems/PSysThumbnail_NoImage.uasset" 212
"../../../Engine/Content/EditorMaterials/ParticleSystems/PSysThumbnail_OOD.uasset" 213
"../../../Engine/Content/EditorMaterials/Camera/CineMat.uasset" 214
"../../../Engine/Content/EditorMaterials/Camera/MI_CineMat_Rig.uasset" 215
"../../../Engine/Content/EditorMeshes/Camera/SM_CraneRig_Arm.uasset" 216
"../../../Engine/Content/EditorMeshes/Camera/SM_CraneRig_Base.uasset" 217
"../../../Engine/Content/EditorMeshes/Camera/SM_CraneRig_Body.uasset" 218
"../../../Engine/Content/EditorMeshes/Camera/SM_CraneRig_Mount.uasset" 219
"../../../Engine/Content/EditorMeshes/Camera/SM_RailRig_Mount.uasset" 220
"../../../Engine/Content/EditorMeshes/Camera/SM_RailRig_Track.uasset" 221
"../../../Engine/Content/EditorResources/BSPVertex.uasset" 222
"../../../Engine/Content/EditorResources/EmptyActor.uasset" 223
"../../../Engine/Content/EditorResources/S_Actor.uasset" 224
"../../../Engine/Content/EditorResources/S_Trigger.uasset" 225
"../../../Engine/Content/EditorResources/AudioIcons/S_AudioComponent.uasset" 226
"../../../Engine/Content/EditorResources/AudioIcons/S_AudioComponent_AutoActivate.uasset" 227
"../../../Engine/Content/EditorResources/LightIcons/S_LightError.uasset" 228
"../../../Engine/Content/EditorResources/SequenceRecorder/Countdown.uasset" 229
"../../../Engine/Content/EditorResources/SequenceRecorder/RecordingIndicator.uasset" 230
"../../../Engine/Content/EditorSounds/Notifications/CompileFailed.uasset" 231
"../../../Engine/Content/EditorSounds/Notifications/CompileFailed_Cue.uasset" 232
"../../../Engine/Content/EditorSounds/Notifications/CompileSuccess.uasset" 233
"../../../Engine/Content/EditorSounds/Notifications/CompileStart_Cue.uasset" 234
"../../../Engine/Content/EditorSounds/Notifications/CompileSuccess_Cue.uasset" 235
"../../../Engine/Content/EngineDamageTypes/DmgTypeBP_Environmental.uasset" 236
"../../../Engine/Content/EngineDebugMaterials/HeatmapGradient.uasset" 237
"../../../Engine/Content/EngineDebugMaterials/BoneWeightMaterial.uasset" 238
"../../../Engine/Content/EngineDebugMaterials/ClothMaterial.uasset" 239
"../../../Engine/Content/EngineDebugMaterials/ClothMaterial_WF.uasset" 240
"../../../Engine/Content/EngineDebugMaterials/DebugEditorMaterial.uasset" 241
"../../../Engine/Content/EngineDebugMaterials/DebugMeshMaterial.uasset" 242
"../../../Engine/Content/EngineDebugMaterials/GeomMaterial.uasset" 243
"../../../Engine/Content/EngineDebugMaterials/M_SimpleTranslucent.uasset" 244
"../../../Engine/Content/EngineFonts/Faces/RobotoBold.uasset" 245
"../../../Engine/Content/EngineFonts/Faces/RobotoBoldItalic.uasset" 246
"../../../Engine/Content/EngineFonts/Faces/RobotoItalic.uasset" 247
"../../../Engine/Content/EngineFonts/Faces/RobotoLight.uasset" 248
"../../../Engine/Content/EngineFonts/Faces/RobotoRegular.uasset" 249
"../../../Engine/Content/EngineFonts/Roboto.uasset" 250
"../../../Engine/Content/EngineFonts/Faces/RobotoTiny.uasset" 251
"../../../Engine/Content/EngineFonts/RobotoTiny.uasset" 252
"../../../Engine/Content/EngineMaterials/BaseFlattenDiffuseMap.uasset" 253
"../../../Engine/Content/EngineMaterials/BaseFlattenEmissiveMap.uasset" 254
"../../../Engine/Content/EngineMaterials/BaseFlattenGrayscaleMap.uasset" 255
"../../../Engine/Content/EngineMaterials/BaseFlattenNormalMap.uasset" 256
"../../../Engine/Content/EngineMaterials/BaseFlattenMaterial.uasset" 257
"../../../Engine/Content/EngineMaterials/DefaultBloomKernel.uasset" 258
"../../../Engine/Content/EngineMaterials/DefaultBokeh.uasset" 259
"../../../Engine/Content/EngineMaterials/DefaultDiffuse.uasset" 260
"../../../Engine/Content/EngineMaterials/DefaultDeferredDecalMaterial.uasset" 261
"../../../Engine/Content/EngineMaterials/DefaultLightFunctionMaterial.uasset" 262
"../../../Engine/Content/EngineMaterials/DefaultPhysicalMaterial.uasset" 263
"../../../Engine/Content/Functions/Engine_MaterialFunctions02/Utility/BreakOutFloat2Components.uasset" 264
"../../../Engine/Content/EngineMaterials/DefaultPostProcessMaterial.uasset" 265
"../../../Engine/Content/EngineFonts/RobotoDistanceField.uasset" 266
"../../../Engine/Content/EngineMaterials/DefaultTextMaterialOpaque.uasset" 267
"../../../Engine/Content/EngineMaterials/DefaultWhiteGrid.uasset" 268
"../../../Engine/Content/EngineMaterials/EditorBrushMaterial.uasset" 269
"../../../Engine/Content/EngineMaterials/Good64x64TilingNoiseHighFreq.uasset" 270
"../../../Engine/Content/EngineMaterials/MiniFont.uasset" 271
"../../../Engine/Content/EngineMaterials/InvalidLightmapSettings.uasset" 272
"../../../Engine/Content/EngineMaterials/M_InvalidLightmapSettings.uasset" 273
"../../../Engine/Content/Functions/Engine_MaterialFunctions02/WorldPositionOffset/CameraOffset.uasset" 274
"../../../Engine/Content/EngineMaterials/PhAT_JointLimitMaterial.uasset" 275
"../../../Engine/Content/EngineMaterials/PreintegratedSkinBRDF.uasset" 276
"../../../Engine/Content/EngineMaterials/RemoveSurfaceMaterial.uasset" 277
"../../../Engine/Content/EngineMaterials/WeightMapPlaceholderTexture.uasset" 278
"../../../Engine/Content/EngineResources/WhiteSquareTexture.uasset" 279
"../../../Engine/Content/EngineMaterials/Widget3DPassThrough.uasset" 280
"../../../Engine/Content/EngineMaterials/Widget3DPassThrough_Masked.uasset" 281
"../../../Engine/Content/EngineMaterials/Widget3DPassThrough_Opaque.uasset" 282
"../../../Engine/Content/EngineMaterials/Widget3DPassThrough_Masked_OneSided.uasset" 283
"../../../Engine/Content/EngineMaterials/Widget3DPassThrough_Opaque_OneSided.uasset" 284
"../../../Engine/Content/EngineMaterials/Widget3DPassThrough_Translucent.uasset" 285
"../../../Engine/Content/EngineMaterials/Widget3DPassThrough_Translucent_OneSided.uasset" 286
"../../../Engine/Content/EngineMeshes/Cylinder.uasset" 287
"../../../Engine/Content/EngineMeshes/Sphere.uasset" 288
"../../../Engine/Content/EngineResources/Black.uasset" 289
"../../../Engine/Content/EngineResources/DefaultTexture.uasset" 290
"../../../Engine/Content/EngineResources/DefaultTextureCube.uasset" 291
"../../../Engine/Content/EngineResources/DefaultVolumeTexture2D.uasset" 292
"../../../Engine/Content/EngineResources/DefaultVolumeTexture.uasset" 293
"../../../Engine/Content/EngineResources/GradientTexture0.uasset" 294
"../../../Engine/Content/EngineSounds/Master.uasset" 295
"../../../Engine/Content/Functions/Engine_MaterialFunctions01/Shading/ConvertFromDiffSpec.uasset" 296
"../../../Engine/Content/Functions/Engine_MaterialFunctions01/Shading/PowerToRoughness.uasset" 297
"../../../Engine/Content/Maps/Templates/Thumbnails/Default.uasset" 298
"../../../Engine/Content/Maps/Templates/Thumbnails/VR-Basic.uasset" 299
"../../../Engine/Content/MobileResources/T_MobileControls_texture.uasset" 300
"../../../Engine/Content/MobileResources/T_MobileMenu2.uasset" 301
"../../../Engine/Content/MobileResources/HUD/AnalogHat.uasset" 302
"../../../Engine/Content/MobileResources/HUD/VirtualJoystick_Background.uasset" 303
"../../../Engine/Content/MobileResources/HUD/VirtualJoystick_Thumb.uasset" 304
"../../../Engine/Content/MobileResources/HUD/DefaultVirtualJoysticks.uasset" 305
"../../../Engine/Content/MobileResources/HUD/LeftVirtualJoystickOnly.uasset" 306
"../../../Engine/Content/MobileResources/HUD/MobileHUDButton1_off.uasset" 307
"../../../Engine/Content/MobileResources/HUD/MobileHUDButton1_on.uasset" 308
"../../../Engine/Content/MobileResources/HUD/MobileHUDButton2_off.uasset" 309
"../../../Engine/Content/MobileResources/HUD/MobileHUDButton2_on.uasset" 310
"../../../Engine/Content/MobileResources/HUD/MobileHUDButton3.uasset" 311
"../../../Engine/Content/MobileResources/HUD/MobileHUDButtonFire.uasset" 312
"../../../Engine/Content/MobileResources/HUD/MobileHUDDirectionPad.uasset" 313
"../../../Engine/Content/MobileResources/HUD/MobileHUDDirectionPad2.uasset" 314
"../../../Engine/Content/MobileResources/HUD/MobileHUDDirectionPad3.uasset" 315
"../../../Engine/Content/MobileResources/HUD/MobileHUDDirectionStick.uasset" 316
"../../../Engine/Content/MobileResources/HUD/T_Castle_ThumbstickInner.uasset" 317
"../../../Engine/Content/MobileResources/HUD/T_Castle_ThumbstickOutter.uasset" 318
"../../../Engine/Content/Tutorial/ContentIntroCurve.uasset" 319
"../../../Engine/Content/Tutorial/BlueprintTutorials/TutorialAssets/Blueprint_64x.uasset" 320
"../../../Engine/Content/VREditor/LaserPointer/VR_LaserPower_01.uasset" 321
"../../../Engine/Content/VREditor/TransformGizmo/TransformGizmoMaterial.uasset" 322
"../../../Engine/Content/VREditor/TransformGizmo/TranslucentTransformGizmoMaterial.uasset" 323
"../../../Engine/Content/VREditor/TransformGizmo/BoundingBoxCorner.uasset" 324
"../../../Engine/Content/VREditor/TransformGizmo/BoundingBoxEdge.uasset" 325
"../../../Engine/Content/VREditor/TransformGizmo/PlaneTranslationHandle.uasset" 326
"../../../Engine/Content/VREditor/TransformGizmo/Main.uasset" 327
"../../../Engine/Content/VREditor/TransformGizmo/Xray.uasset" 328
"../../../Engine/Content/VREditor/TransformGizmo/SM_Sequencer_Key.uasset" 329
"../../../Engine/Content/VREditor/TransformGizmo/SM_Sequencer_Node.uasset" 330
"../../Plugins/2D/Paper2D/Content/PlaceholderTextures/DummySpriteTexture.uasset" 331
"../../Plugins/2D/Paper2D/Content/DummySprite.uasset" 332
"../../Plugins/2D/Paper2D/Content/DefaultPaperTerrainMaterial.uasset" 333
"../../Plugins/2D/Paper2D/Content/DefaultSpriteMaterial.uasset" 334
"../../Plugins/2D/Paper2D/Content/MaskedUnlitSpriteMaterial.uasset" 335
"../../Plugins/2D/Paper2D/Content/OpaqueUnlitSpriteMaterial.uasset" 336
"../../Plugins/Runtime/Oculus/OculusVR/Content/Materials/PokeAHoleMaterial.uasset" 337
"../../Plugins/Runtime/Oculus/OculusVR/Content/Textures/GearVRController_AO.uasset" 338
"../../Plugins/Runtime/Oculus/OculusVR/Content/Textures/GearVRController_Color.uasset" 339
"../../Plugins/Runtime/Oculus/OculusVR/Content/Textures/GearVRController_Normal.uasset" 340
"../../Plugins/Runtime/Oculus/OculusVR/Content/Materials/GearVRControllerMaterial.uasset" 341
"../../Plugins/Runtime/Oculus/OculusVR/Content/Meshes/GearVrController.uasset" 342
"../../Plugins/Runtime/Oculus/OculusVR/Content/Textures/touchController_albedo.uasset" 343
"../../Plugins/Runtime/Oculus/OculusVR/Content/Textures/touchController_controlmap.uasset" 344
"../../Plugins/Runtime/Oculus/OculusVR/Content/Materials/touchController_mat.uasset" 345
"../../Plugins/Runtime/Oculus/OculusVR/Content/Meshes/LeftTouchController.uasset" 346
"../../Plugins/Runtime/Oculus/OculusVR/Content/Meshes/RiftHMD.uasset" 347
"../../Plugins/Runtime/Oculus/OculusVR/Content/Meshes/RightTouchController.uasset" 348
"../../../../../../Unreal Projects/Homesteapocalypse3/Content/GUI/HomesteadApocolypse_Menu.uasset" 349
"../../../../../../Unreal Projects/Homesteapocalypse3/Content/GUI/MainMenu.uasset" 350
"../../../../../../Unreal Projects/Homesteapocalypse3/Content/MainMenu.umap" 351
"../../../../../../Unreal Projects/Homesteapocalypse3/Content/StarterContent/Blueprints/Assets/FogBrightnessLUT.uasset" 352
"../../../../../../Unreal Projects/Homesteapocalypse3/Content/StarterContent/Blueprints/Assets/SunlightColorLUT.uasset" 353
"../../../../../../Unreal Projects/Homesteapocalypse3/Content/StarterContent/Blueprints/Assets/M_LightStage_Arrows.uasset" 354
"../../../Engine/Content/MapTemplates/Sky/DaylightAmbientCubemap.uasset" 355
"../../../../../../Unreal Projects/Homesteapocalypse3/Content/StarterContent/Blueprints/Assets/M_LightStage_Skybox_Master.uasset" 356
"../../../../../../Unreal Projects/Homesteapocalypse3/Content/StarterContent/Blueprints/Assets/M_LightStage_Skybox_Black.uasset" 357
"../../../../../../Unreal Projects/Homesteapocalypse3/Content/StarterContent/Blueprints/Assets/M_LightStage_Skybox_HDRI.uasset" 358
"../../../Engine/Content/EditorMaterials/Thumbnails/SkySphereMaterial.uasset" 359
"../../../../../../Unreal Projects/Homesteapocalypse3/Content/StarterContent/Blueprints/Assets/Skybox.uasset" 360
"../../../../../../Unreal Projects/Homesteapocalypse3/Content/StarterContent/Blueprints/Assets/SM_Arrows.uasset" 361
"../../../../../../Unreal Projects/Homesteapocalypse3/Content/StarterContent/HDRI/HDRI_Epic_Courtyard_Daylight.uasset" 362
"../../../../../../Unreal Projects/Homesteapocalypse3/Content/StarterContent/Blueprints/BP_LightStudio.uasset" 363
"../../../../../../Unreal Projects/Homesteapocalypse3/Content/StarterContent/Maps/Advanced_Lighting_BuiltData.uasset" 364
"../../../../../../Unreal Projects/Homesteapocalypse3/Content/StarterContent/Materials/M_AssetPlatform.uasset" 365
"../../../Engine/Content/EditorMeshes/ColorCalibrator/M_ChromeBall.uasset" 366
"../../../Engine/Content/EditorMeshes/ColorCalibrator/M_ClearCoat.uasset" 367
"../../../Engine/Content/EditorMeshes/ColorCalibrator/M_ClearCoatBlack.uasset" 368
"../../../Engine/Content/EditorMeshes/ColorCalibrator/Color_checker.uasset" 369
"../../../Engine/Content/EditorMeshes/ColorCalibrator/M_ColorGrid.uasset" 370
"../../../Engine/Content/EditorMeshes/ColorCalibrator/M_GreyBall.uasset" 371
"../../../Engine/Content/EditorMeshes/ColorCalibrator/SM_ColorCalibrator.uasset" 372
"../../../../../../Unreal Projects/Homesteapocalypse3/Content/StarterContent/Architecture/SM_AssetPlatform.uasset" 373
"../../../../../../Unreal Projects/Homesteapocalypse3/Content/StarterContent/Maps/Advanced_Lighting.umap" 374
"../../../Engine/Content/EngineSky/C_Sky_Cloud_Color.uasset" 375
"../../../Engine/Content/EngineSky/C_Sky_Horizon_Color.uasset" 376
"../../../Engine/Content/EngineSky/C_Sky_Zenith_Color.uasset" 377
"../../../Engine/Content/EngineSky/T_Sky_Blue.uasset" 378
"../../../Engine/Content/EngineSky/T_Sky_Clouds_M.uasset" 379
"../../../Engine/Content/EngineSky/T_Sky_Stars.uasset" 380
"../../../Engine/Content/EngineSky/M_Sky_Panning_Clouds2.uasset" 381
"../../../Engine/Content/EngineSky/SM_SkySphere.uasset" 382
"../../../Engine/Content/EngineSky/BP_Sky_Sphere.uasset" 383
"../../../../../../Unreal Projects/Homesteapocalypse3/Content/StarterContent/Maps/Minimal_Default_BuiltData.uasset" 384
"../../../../../../Unreal Projects/Homesteapocalypse3/Content/StarterContent/Textures/T_MacroVariation.uasset" 385
"../../../../../../Unreal Projects/Homesteapocalypse3/Content/StarterContent/Materials/M_Metal_Brushed_Nickel.uasset" 386
"../../../../../../Unreal Projects/Homesteapocalypse3/Content/StarterContent/Textures/T_Metal_Aluminum_D.uasset" 387
"../../../../../../Unreal Projects/Homesteapocalypse3/Content/StarterContent/Textures/T_Metal_Gold_N.uasset" 388
"../../../../../../Unreal Projects/Homesteapocalypse3/Content/StarterContent/Materials/M_Metal_Burnished_Steel.uasset" 389
"../../../../../../Unreal Projects/Homesteapocalypse3/Content/StarterContent/Textures/T_Metal_Copper_D.uasset" 390
"../../../../../../Unreal Projects/Homesteapocalypse3/Content/StarterContent/Materials/M_Metal_Copper.uasset" 391
"../../../../../../Unreal Projects/Homesteapocalypse3/Content/StarterContent/Textures/T_Statue_M.uasset" 392
"../../../../../../Unreal Projects/Homesteapocalypse3/Content/StarterContent/Textures/T_Statue_N.uasset" 393
"../../../../../../Unreal Projects/Homesteapocalypse3/Content/StarterContent/Props/Materials/M_StatueGlass.uasset" 394
"../../../../../../Unreal Projects/Homesteapocalypse3/Content/StarterContent/Architecture/Floor_400x400.uasset" 395
"../../../../../../Unreal Projects/Homesteapocalypse3/Content/StarterContent/Audio/Starter_Background_Cue.uasset" 396
"../../../../../../Unreal Projects/Homesteapocalypse3/Content/StarterContent/Props/SM_Chair.uasset" 397
"../../../../../../Unreal Projects/Homesteapocalypse3/Content/StarterContent/Props/Materials/M_Statue.uasset" 398
"../../../../../../Unreal Projects/Homesteapocalypse3/Content/StarterContent/Props/SM_Statue.uasset" 399
"../../../../../../Unreal Projects/Homesteapocalypse3/Content/StarterContent/Textures/T_TableRound_M.uasset" 400
"../../../../../../Unreal Projects/Homesteapocalypse3/Content/StarterContent/Textures/T_TableRound_N.uasset" 401
"../../../../../../Unreal Projects/Homesteapocalypse3/Content/StarterContent/Props/Materials/M_TableRound.uasset" 402
"../../../../../../Unreal Projects/Homesteapocalypse3/Content/StarterContent/Props/SM_TableRound.uasset" 403
"../../../../../../Unreal Projects/Homesteapocalypse3/Content/StarterContent/Maps/Minimal_Default.umap" 404
"../../../../../../Unreal Projects/Homesteapocalypse3/Content/StarterContent/Audio/Fire01_Cue.uasset" 405
"../../../../../../Unreal Projects/Homesteapocalypse3/Content/StarterContent/Textures/T_Fire_SubUV.uasset" 406
"../../../../../../Unreal Projects/Homesteapocalypse3/Content/StarterContent/Textures/T_Fire_Tiled_D.uasset" 407
"../../../../../../Unreal Projects/Homesteapocalypse3/Content/StarterContent/Particles/Materials/M_Fire_SubUV.uasset" 408
"../../../../../../Unreal Projects/Homesteapocalypse3/Content/StarterContent/Textures/T_Water_N.uasset" 409
"../../../../../../Unreal Projects/Homesteapocalypse3/Content/StarterContent/Particles/Materials/M_Heat_Distortion.uasset" 410
"../../../../../../Unreal Projects/Homesteapocalypse3/Content/StarterContent/Particles/Materials/M_Radial_Gradient.uasset" 411
"../../../../../../Unreal Projects/Homesteapocalypse3/Content/StarterContent/Particles/P_Fire.uasset" 412
"../../../../../../Unreal Projects/Homesteapocalypse3/Content/StarterContent/Blueprints/Blueprint_Effect_Fire.uasset" 413
"../../../../../../Unreal Projects/Homesteapocalypse3/Content/StarterContent/Audio/Smoke01_Cue.uasset" 414
"../../../../../../Unreal Projects/Homesteapocalypse3/Content/StarterContent/Particles/P_Smoke.uasset" 415
"../../../../../../Unreal Projects/Homesteapocalypse3/Content/StarterContent/Blueprints/Blueprint_Effect_Smoke.uasset" 416
"../../../../../../Unreal Projects/Homesteapocalypse3/Content/StarterContent/Audio/Fire_Sparks01_Cue.uasset" 417
"../../../../../../Unreal Projects/Homesteapocalypse3/Content/StarterContent/Textures/T_Spark_Core.uasset" 418
"../../../../../../Unreal Projects/Homesteapocalypse3/Content/StarterContent/Particles/Materials/M_Spark.uasset" 419
"../../../../../../Unreal Projects/Homesteapocalypse3/Content/StarterContent/Particles/P_Sparks.uasset" 420
"../../../../../../Unreal Projects/Homesteapocalypse3/Content/StarterContent/Blueprints/Blueprint_Effect_Sparks.uasset" 421
"../../../../../../Unreal Projects/Homesteapocalypse3/Content/StarterContent/Audio/Steam01_Cue.uasset" 422
"../../../../../../Unreal Projects/Homesteapocalypse3/Content/StarterContent/Particles/P_Steam_Lit.uasset" 423
"../../../../../../Unreal Projects/Homesteapocalypse3/Content/StarterContent/Blueprints/Blueprint_Effect_Steam.uasset" 424
"../../../../../../Unreal Projects/Homesteapocalypse3/Content/StarterContent/Textures/T_Lamp_M.uasset" 425
"../../../../../../Unreal Projects/Homesteapocalypse3/Content/StarterContent/Textures/T_Lamp_N.uasset" 426
"../../../../../../Unreal Projects/Homesteapocalypse3/Content/StarterContent/Props/Materials/M_Lamp.uasset" 427
"../../../../../../Unreal Projects/Homesteapocalypse3/Content/StarterContent/Props/SM_Lamp_Ceiling.uasset" 428
"../../../../../../Unreal Projects/Homesteapocalypse3/Content/StarterContent/Blueprints/Blueprint_CeilingLight.uasset" 429
"../../../../../../Unreal Projects/Homesteapocalypse3/Content/StarterContent/Props/SM_Lamp_Wall.uasset" 430
"../../../../../../Unreal Projects/Homesteapocalypse3/Content/StarterContent/Blueprints/Blueprint_WallSconce.uasset" 431
"../../../../../../Unreal Projects/Homesteapocalypse3/Content/StarterContent/Maps/StarterMap_BuiltData.uasset" 432
"../../../Engine/Content/Functions/Engine_MaterialFunctions03/Procedurals/ComputeFilterWidth.uasset" 433
"../../../Engine/Content/EngineMaterials/AntiAliasedTextMaterialTranslucent.uasset" 434
"../../../../../../Unreal Projects/Homesteapocalypse3/Content/StarterContent/Textures/T_Brick_Clay_Beveled_D.uasset" 435
"../../../../../../Unreal Projects/Homesteapocalypse3/Content/StarterContent/Textures/T_Brick_Clay_Beveled_M.uasset" 436
"../../../../../../Unreal Projects/Homesteapocalypse3/Content/StarterContent/Textures/T_Brick_Clay_Beveled_N.uasset" 437
"../../../../../../Unreal Projects/Homesteapocalypse3/Content/StarterContent/Materials/M_Brick_Clay_Beveled.uasset" 438
"../../../../../../Unreal Projects/Homesteapocalypse3/Content/StarterContent/Textures/T_Brick_Clay_New_D.uasset" 439
"../../../../../../Unreal Projects/Homesteapocalypse3/Content/StarterContent/Textures/T_Brick_Clay_New_M.uasset" 440
"../../../../../../Unreal Projects/Homesteapocalypse3/Content/StarterContent/Textures/T_Brick_Clay_New_N.uasset" 441
"../../../../../../Unreal Projects/Homesteapocalypse3/Content/StarterContent/Materials/M_Brick_Clay_New.uasset" 442
"../../../../../../Unreal Projects/Homesteapocalypse3/Content/StarterContent/Textures/T_Brick_Clay_Old_D.uasset" 443
"../../../../../../Unreal Projects/Homesteapocalypse3/Content/StarterContent/Textures/T_Brick_Clay_Old_N.uasset" 444
"../../../../../../Unreal Projects/Homesteapocalypse3/Content/StarterContent/Textures/T_Perlin_Noise_M.uasset" 445
"../../../../../../Unreal Projects/Homesteapocalypse3/Content/StarterContent/Materials/M_Brick_Clay_Old.uasset" 446
"../../../../../../Unreal Projects/Homesteapocalypse3/Content/StarterContent/Textures/T_Brick_Cut_Stone_D.uasset" 447
"../../../../../../Unreal Projects/Homesteapocalypse3/Content/StarterContent/Textures/T_Brick_Cut_Stone_N.uasset" 448
"../../../../../../Unreal Projects/Homesteapocalypse3/Content/StarterContent/Materials/M_Brick_Cut_Stone.uasset" 449
"../../../../../../Unreal Projects/Homesteapocalypse3/Content/StarterContent/Textures/T_Brick_Hewn_Stone_D.uasset" 450
"../../../../../../Unreal Projects/Homesteapocalypse3/Content/StarterContent/Textures/T_Brick_Hewn_Stone_M.uasset" 451
"../../../../../../Unreal Projects/Homesteapocalypse3/Content/StarterContent/Textures/T_Brick_Hewn_Stone_N.uasset" 452
"../../../../../../Unreal Projects/Homesteapocalypse3/Content/StarterContent/Materials/M_Brick_Hewn_Stone.uasset" 453
"../../../../../../Unreal Projects/Homesteapocalypse3/Content/StarterContent/Textures/T_Ceramic_Tile_M.uasset" 454
"../../../../../../Unreal Projects/Homesteapocalypse3/Content/StarterContent/Textures/T_Ceramic_Tile_N.uasset" 455
"../../../../../../Unreal Projects/Homesteapocalypse3/Content/StarterContent/Textures/T_Rock_Marble_Polished_D.uasset" 456
"../../../../../../Unreal Projects/Homesteapocalypse3/Content/StarterContent/Materials/M_Ceramic_Tile_Checker.uasset" 457
"../../../../../../Unreal Projects/Homesteapocalypse3/Content/StarterContent/Textures/T_CobbleStone_Pebble_D.uasset" 458
"../../../../../../Unreal Projects/Homesteapocalypse3/Content/StarterContent/Textures/T_CobbleStone_Pebble_M.uasset" 459
"../../../../../../Unreal Projects/Homesteapocalypse3/Content/StarterContent/Textures/T_CobbleStone_Pebble_N.uasset" 460
"../../../../../../Unreal Projects/Homesteapocalypse3/Content/StarterContent/Materials/M_CobbleStone_Pebble.uasset" 461
"../../../../../../Unreal Projects/Homesteapocalypse3/Content/StarterContent/Textures/T_CobbleStone_Rough_D.uasset" 462
"../../../../../../Unreal Projects/Homesteapocalypse3/Content/StarterContent/Textures/T_CobbleStone_Rough_N.uasset" 463
"../../../../../../Unreal Projects/Homesteapocalypse3/Content/StarterContent/Textures/T_Gradinet_01.uasset" 464
"../../../../../../Unreal Projects/Homesteapocalypse3/Content/StarterContent/Textures/T_Rock_Smooth_Granite_D.uasset" 465
"../../../../../../Unreal Projects/Homesteapocalypse3/Content/StarterContent/Materials/M_CobbleStone_Rough.uasset" 466
"../../../../../../Unreal Projects/Homesteapocalypse3/Content/StarterContent/Textures/T_CobbleStone_Smooth_D.uasset" 467
"../../../../../../Unreal Projects/Homesteapocalypse3/Content/StarterContent/Textures/T_CobbleStone_Smooth_M.uasset" 468
"../../../../../../Unreal Projects/Homesteapocalypse3/Content/StarterContent/Textures/T_CobbleStone_Smooth_N.uasset" 469
"../../../../../../Unreal Projects/Homesteapocalypse3/Content/StarterContent/Materials/M_CobbleStone_Smooth.uasset" 470
"../../../../../../Unreal Projects/Homesteapocalypse3/Content/StarterContent/Textures/T_Concrete_Grime_D.uasset" 471
"../../../../../../Unreal Projects/Homesteapocalypse3/Content/StarterContent/Textures/T_Metal_Rust_N.uasset" 472
"../../../../../../Unreal Projects/Homesteapocalypse3/Content/StarterContent/Materials/M_Concrete_Grime.uasset" 473
"../../../../../../Unreal Projects/Homesteapocalypse3/Content/StarterContent/Textures/T_Concrete_Panels_D.uasset" 474
"../../../../../../Unreal Projects/Homesteapocalypse3/Content/StarterContent/Textures/T_Concrete_Panels_N.uasset" 475
"../../../../../../Unreal Projects/Homesteapocalypse3/Content/StarterContent/Materials/M_Concrete_Panels.uasset" 476
"../../../../../../Unreal Projects/Homesteapocalypse3/Content/StarterContent/Textures/T_Concrete_Poured_D.uasset" 477
"../../../../../../Unreal Projects/Homesteapocalypse3/Content/StarterContent/Textures/T_Concrete_Poured_N.uasset" 478
"../../../../../../Unreal Projects/Homesteapocalypse3/Content/StarterContent/Materials/M_Concrete_Poured.uasset" 479
"../../../../../../Unreal Projects/Homesteapocalypse3/Content/StarterContent/Textures/T_Concrete_Tiles_D.uasset" 480
"../../../../../../Unreal Projects/Homesteapocalypse3/Content/StarterContent/Textures/T_Concrete_Tiles_M.uasset" 481
"../../../../../../Unreal Projects/Homesteapocalypse3/Content/StarterContent/Textures/T_Concrete_Tiles_N.uasset" 482
"../../../../../../Unreal Projects/Homesteapocalypse3/Content/StarterContent/Textures/T_Concrete_Tiles_Variation_M.uasset" 483
"../../../../../../Unreal Projects/Homesteapocalypse3/Content/StarterContent/Materials/M_Concrete_Tiles.uasset" 484
"../../../../../../Unreal Projects/Homesteapocalypse3/Content/StarterContent/Textures/T_Ground_Grass_D.uasset" 485
"../../../../../../Unreal Projects/Homesteapocalypse3/Content/StarterContent/Textures/T_Ground_Grass_N.uasset" 486
"../../../../../../Unreal Projects/Homesteapocalypse3/Content/StarterContent/Materials/M_Ground_Grass.uasset" 487
"../../../../../../Unreal Projects/Homesteapocalypse3/Content/StarterContent/Textures/T_Ground_Gravel_D.uasset" 488
"../../../../../../Unreal Projects/Homesteapocalypse3/Content/StarterContent/Textures/T_Ground_Gravel_N.uasset" 489
"../../../../../../Unreal Projects/Homesteapocalypse3/Content/StarterContent/Materials/M_Ground_Gravel.uasset" 490
"../../../../../../Unreal Projects/Homesteapocalypse3/Content/StarterContent/Textures/T_ground_Moss_D.uasset" 491
"../../../../../../Unreal Projects/Homesteapocalypse3/Content/StarterContent/Textures/T_Ground_Moss_N.uasset" 492
"../../../../../../Unreal Projects/Homesteapocalypse3/Content/StarterContent/Materials/M_Ground_Moss.uasset" 493
"../../../../../../Unreal Projects/Homesteapocalypse3/Content/StarterContent/Materials/M_Metal_Chrome.uasset" 494
"../../../../../../Unreal Projects/Homesteapocalypse3/Content/StarterContent/Textures/T_Metal_Gold_D.uasset" 495
"../../../../../../Unreal Projects/Homesteapocalypse3/Content/StarterContent/Materials/M_Metal_Gold.uasset" 496
"../../../../../../Unreal Projects/Homesteapocalypse3/Content/StarterContent/Textures/T_Metal_Rust_D.uasset" 497
"../../../../../../Unreal Projects/Homesteapocalypse3/Content/StarterContent/Materials/M_Metal_Rust.uasset" 498
"../../../../../../Unreal Projects/Homesteapocalypse3/Content/StarterContent/Textures/T_Metal_Steel_D.uasset" 499
"../../../../../../Unreal Projects/Homesteapocalypse3/Content/StarterContent/Textures/T_Metal_Steel_N.uasset" 500
"../../../../../../Unreal Projects/Homesteapocalypse3/Content/StarterContent/Materials/M_Metal_Steel.uasset" 501
"../../../../../../Unreal Projects/Homesteapocalypse3/Content/StarterContent/Textures/T_Rock_Basalt_N.uasset" 502
"../../../../../../Unreal Projects/Homesteapocalypse3/Content/StarterContent/Materials/M_Rock_Basalt.uasset" 503
"../../../../../../Unreal Projects/Homesteapocalypse3/Content/StarterContent/Materials/M_Rock_Marble_Polished.uasset" 504
"../../../../../../Unreal Projects/Homesteapocalypse3/Content/StarterContent/Textures/T_Rock_Sandstone_D.uasset" 505
"../../../../../../Unreal Projects/Homesteapocalypse3/Content/StarterContent/Textures/T_Rock_Sandstone_N.uasset" 506
"../../../../../../Unreal Projects/Homesteapocalypse3/Content/StarterContent/Materials/M_Rock_Sandstone.uasset" 507
"../../../../../../Unreal Projects/Homesteapocalypse3/Content/StarterContent/Textures/T_Rock_Slate_D.uasset" 508
"../../../../../../Unreal Projects/Homesteapocalypse3/Content/StarterContent/Textures/T_Rock_Slate_N.uasset" 509
"../../../../../../Unreal Projects/Homesteapocalypse3/Content/StarterContent/Materials/M_Rock_Slate.uasset" 510
"../../../../../../Unreal Projects/Homesteapocalypse3/Content/StarterContent/Textures/T_Checker_Noise_M.uasset" 511
"../../../../../../Unreal Projects/Homesteapocalypse3/Content/StarterContent/Textures/T_Single_Tile_N.uasset" 512
"../../../../../../Unreal Projects/Homesteapocalypse3/Content/StarterContent/Textures/T_Tech_Dot_M.uasset" 513
"../../../../../../Unreal Projects/Homesteapocalypse3/Content/StarterContent/Textures/T_Tech_Dot_N.uasset" 514
"../../../../../../Unreal Projects/Homesteapocalypse3/Content/StarterContent/Materials/M_Tech_Checker_Dot.uasset" 515
"../../../../../../Unreal Projects/Homesteapocalypse3/Content/StarterContent/Textures/T_Tech_Hex_Tile_M.uasset" 516
"../../../../../../Unreal Projects/Homesteapocalypse3/Content/StarterContent/Textures/T_Tech_Hex_Tile_N.uasset" 517
"../../../../../../Unreal Projects/Homesteapocalypse3/Content/StarterContent/Materials/M_Tech_Hex_Tile.uasset" 518
"../../../../../../Unreal Projects/Homesteapocalypse3/Content/StarterContent/Materials/M_Tech_Hex_Tile_Pulse.uasset" 519
"../../../../../../Unreal Projects/Homesteapocalypse3/Content/StarterContent/Textures/T_Tech_Panel_M.uasset" 520
"../../../../../../Unreal Projects/Homesteapocalypse3/Content/StarterContent/Textures/T_Tech_Panel_N.uasset" 521
"../../../../../../Unreal Projects/Homesteapocalypse3/Content/StarterContent/Materials/M_Tech_Panel.uasset" 522
"../../../../../../Unreal Projects/Homesteapocalypse3/Content/StarterContent/Materials/M_Water_Lake.uasset" 523
"../../../../../../Unreal Projects/Homesteapocalypse3/Content/StarterContent/Textures/T_Water_M.uasset" 524
"../../../../../../Unreal Projects/Homesteapocalypse3/Content/StarterContent/Materials/M_Water_Ocean.uasset" 525
"../../../../../../Unreal Projects/Homesteapocalypse3/Content/StarterContent/Textures/T_Wood_Floor_Walnut_D.uasset" 526
"../../../../../../Unreal Projects/Homesteapocalypse3/Content/StarterContent/Textures/T_Wood_Floor_Walnut_M.uasset" 527
"../../../../../../Unreal Projects/Homesteapocalypse3/Content/StarterContent/Textures/T_Wood_Floor_Walnut_N.uasset" 528
"../../../../../../Unreal Projects/Homesteapocalypse3/Content/StarterContent/Materials/M_Wood_Floor_Walnut_Polished.uasset" 529
"../../../Engine/Content/Functions/Engine_MaterialFunctions01/Opacity/AlphaOffset.uasset" 530
"../../../../../../Unreal Projects/Homesteapocalypse3/Content/StarterContent/Materials/M_Wood_Floor_Walnut_Worn.uasset" 531
"../../../../../../Unreal Projects/Homesteapocalypse3/Content/StarterContent/Textures/T_Wood_Oak_D.uasset" 532
"../../../../../../Unreal Projects/Homesteapocalypse3/Content/StarterContent/Textures/T_Wood_Oak_N.uasset" 533
"../../../../../../Unreal Projects/Homesteapocalypse3/Content/StarterContent/Materials/M_Wood_Oak.uasset" 534
"../../../../../../Unreal Projects/Homesteapocalypse3/Content/StarterContent/Textures/T_Wood_Pine_D.uasset" 535
"../../../../../../Unreal Projects/Homesteapocalypse3/Content/StarterContent/Textures/T_Wood_Pine_N.uasset" 536
"../../../../../../Unreal Projects/Homesteapocalypse3/Content/StarterContent/Materials/M_Wood_Pine.uasset" 537
"../../../../../../Unreal Projects/Homesteapocalypse3/Content/StarterContent/Textures/T_Wood_Walnut_D.uasset" 538
"../../../../../../Unreal Projects/Homesteapocalypse3/Content/StarterContent/Textures/T_Wood_Walnut_N.uasset" 539
"../../../../../../Unreal Projects/Homesteapocalypse3/Content/StarterContent/Materials/M_Wood_Walnut.uasset" 540
"../../../../../../Unreal Projects/Homesteapocalypse3/Content/StarterContent/Architecture/Wall_400x200.uasset" 541
"../../../../../../Unreal Projects/Homesteapocalypse3/Content/StarterContent/Architecture/Wall_Door_400x300.uasset" 542
"../../../../../../Unreal Projects/Homesteapocalypse3/Content/StarterContent/Architecture/Wall_Window_400x300.uasset" 543
"../../../../../../Unreal Projects/Homesteapocalypse3/Content/StarterContent/Audio/Collapse_Cue.uasset" 544
"../../../../../../Unreal Projects/Homesteapocalypse3/Content/StarterContent/Audio/Starter_Music_Cue.uasset" 545
"../../../../../../Unreal Projects/Homesteapocalypse3/Content/StarterContent/Textures/T_Dust_Particle_D.uasset" 546
"../../../../../../Unreal Projects/Homesteapocalypse3/Content/StarterContent/Particles/Materials/M_Dust_Particle.uasset" 547
"../../../../../../Unreal Projects/Homesteapocalypse3/Content/StarterContent/Particles/P_Ambient_Dust.uasset" 548
"../../../../../../Unreal Projects/Homesteapocalypse3/Content/StarterContent/Props/MaterialSphere.uasset" 549
"../../../../../../Unreal Projects/Homesteapocalypse3/Content/StarterContent/Textures/T_Frame_M.uasset" 550
"../../../../../../Unreal Projects/Homesteapocalypse3/Content/StarterContent/Textures/T_Frame_N.uasset" 551
"../../../../../../Unreal Projects/Homesteapocalypse3/Content/StarterContent/Props/Materials/M_Frame.uasset" 552
"../../../../../../Unreal Projects/Homesteapocalypse3/Content/StarterContent/Props/SM_CornerFrame.uasset" 553
"../../../../../../Unreal Projects/Homesteapocalypse3/Content/StarterContent/Props/SM_DoorFrame.uasset" 554
"../../../../../../Unreal Projects/Homesteapocalypse3/Content/StarterContent/Props/SM_GlassWindow.uasset" 555
"../../../../../../Unreal Projects/Homesteapocalypse3/Content/StarterContent/Props/SM_PillarFrame.uasset" 556
"../../../../../../Unreal Projects/Homesteapocalypse3/Content/StarterContent/Props/SM_PillarFrame300.uasset" 557
"../../../../../../Unreal Projects/Homesteapocalypse3/Content/StarterContent/Props/SM_WindowFrame.uasset" 558
"../../../../../../Unreal Projects/Homesteapocalypse3/Content/StarterContent/Shapes/Shape_Cube.uasset" 559
"../../../../../../Unreal Projects/Homesteapocalypse3/Content/StarterContent/Shapes/Shape_QuadPyramid.uasset" 560
"../../../../../../Unreal Projects/Homesteapocalypse3/Content/StarterContent/Shapes/Shape_Sphere.uasset" 561
"../../../../../../Unreal Projects/Homesteapocalypse3/Content/StarterContent/Maps/StarterMap.umap" 562
"../../../../../../Unreal Projects/Homesteapocalypse3/Content/landscape/FenceDM.uasset" 563
"../../../../../../Unreal Projects/Homesteapocalypse3/Content/landscape/FenceExport.uasset" 564
"../../../../../../Unreal Projects/Homesteapocalypse3/Content/landscape/Fence.uasset" 565
"../../../../../../Unreal Projects/Homesteapocalypse3/Content/ThirdPersonBP/Maps/Level2_BuiltData.uasset" 566
"../../../../../../Unreal Projects/Homesteapocalypse3/Content/landscape/grass_light.uasset" 567
"../../../../../../Unreal Projects/Homesteapocalypse3/Content/landscape/grass_light_Mat.uasset" 568
"../../../../../../Unreal Projects/Homesteapocalypse3/Content/Geometry/Meshes/TemplateFloor.uasset" 569
"../../../../../../Unreal Projects/Homesteapocalypse3/Content/ThirdPersonBP/Maps/Level2.umap" 570
"../../../../../../Unreal Projects/Homesteapocalypse3/Content/ThirdPersonBP/Maps/MainLevel_BuiltData.uasset" 571
"../../../../../../Unreal Projects/Homesteapocalypse3/Content/ThirdPersonBP/Maps/MainLevel.umap" 572
"../../../Engine/Content/Maps/Entry_BuiltData.uasset" 573
"../../../Engine/Content/Maps/Entry.umap" 574
